<?xml version="1.0" encoding="UTF-8"?>
<!-- Generated by org.testng.reporters.JUnitXMLReporter -->
<testsuite ignored="0" hostname="LAPTOP-S7B86LPS" failures="0" tests="7" name="Test" time="66.954" errors="0" timestamp="2024-04-09T13:29:50 IST">
  <testcase classname="testCases.TC_001_AccountRegistrationTest" name="test_account_Registration" time="5.371"/>
  <testcase classname="testCases.TC_002_LoginTest" name="test_Login" time="2.354"/>
  <testcase classname="testCases.TC_003_LoginDataDrivenTest" name="test_LoginDDT" time="2.949"/>
  <testcase classname="testCases.TC_003_LoginDataDrivenTest" name="test_LoginDDT" time="11.871"/>
  <testcase classname="testCases.TC_003_LoginDataDrivenTest" name="test_LoginDDT" time="11.858"/>
  <testcase classname="testCases.TC_003_LoginDataDrivenTest" name="test_LoginDDT" time="11.828"/>
  <testcase classname="testCases.TC_003_LoginDataDrivenTest" name="test_LoginDDT" time="2.731"/>
</testsuite> <!-- Test -->
